2018-01-20 11:27:46,394 INFO admin_manage {'type': '登录'}
2018-01-20 11:27:57,699 INFO admin_manage {'type': '登录', 'school_chosen': '武汉分校区'}
2018-01-20 11:38:23,701 INFO admin {'type': '登录'}
2018-01-20 11:38:32,829 INFO admin {'type': '登录', 'school_chosen': '武汉分校区'}
2018-01-20 11:40:03,848 INFO admin {'type': '登录'}
2018-01-20 11:40:10,099 INFO admin {'type': '登录', 'school_chosen': '武汉分校区'}
2018-01-20 11:42:26,790 INFO admin {'type': '登录'}
2018-01-20 11:42:37,337 INFO admin {'school_chosen': '武汉分校区', 'type': '登录'}
2018-01-20 11:51:52,025 INFO admin {'type': '登录'}
2018-01-20 11:52:28,752 INFO admin {'type': '登录'}
2018-01-20 11:53:05,233 INFO admin {'type': '登录'}
2018-01-20 11:53:51,369 INFO admin {'type': '登录'}
2018-01-20 11:53:55,994 INFO admin {'school_chosen': '武汉分校区', 'type': '登录'}
2018-01-20 11:58:11,404 INFO admin {'type': '登录'}
2018-01-20 11:58:23,577 INFO admin {'type': '登录', 'school_chosen': '武汉分校区'}
2018-01-20 12:00:34,137 INFO admin {'type': '登录'}
2018-01-20 12:00:37,749 INFO admin {'type': '登录', 'school_chosen': '武汉分校区'}
2018-01-20 12:01:03,708 INFO admin {'type': '登录'}
2018-01-20 12:01:07,959 INFO admin {'school_chosen': '武汉分校区', 'type': '登录'}
2018-01-20 12:03:17,027 INFO admin {'type': '登录'}
2018-01-20 12:03:27,391 INFO admin {'school_chosen': '武汉分校区', 'type': '登录'}
2018-01-20 12:04:25,784 INFO admin {'type': '登录'}
2018-01-20 12:04:29,638 INFO admin {'school_chosen': '武汉分校区', 'type': '登录'}
2018-01-20 12:06:33,842 INFO admin {'type': '登录'}
2018-01-20 12:38:36,495 INFO admin {'type': '登录'}
2018-01-20 12:38:41,335 INFO admin {'school_chosen': '武汉分校区', 'type': '登录'}
2018-01-20 12:40:35,323 INFO admin {'type': '登录'}
2018-01-20 12:40:43,924 INFO admin {'school_chosen': '武汉分校区', 'type': '登录'}
2018-01-20 12:50:07,012 INFO admin {'type': '登录'}
2018-01-20 12:50:14,048 INFO admin {'school_chosen': '武汉分校区', 'type': '登录'}
2018-01-20 12:50:49,394 INFO admin {'经验': '18', '性别': '男', '教师姓名': '慕容博', '教授课程': 'go', 'type': '招收教师'}
2018-01-20 12:51:57,190 INFO admin {'班级教师': '慕容博', '课程名': 'go', '班级名': '201808', 'type': '成立班级'}
2018-01-20 12:54:05,529 INFO admin {'type': '登录'}
2018-01-20 12:54:16,891 INFO admin {'school_chosen': '武汉分校区', 'type': '登录'}
2018-01-20 13:02:38,359 INFO admin {'type': '登录'}
2018-01-20 13:02:43,397 INFO admin {'school_chosen': '武汉分校区', 'type': '登录'}
2018-01-20 13:03:12,274 INFO admin {'性别': '男', '教授课程': 'java', '教师姓名': '王重阳', '经验': '25', 'type': '招收教师'}
2018-01-20 13:07:11,171 INFO admin {'type': '登录'}
2018-01-20 13:10:10,349 INFO admin {'type': '登录'}
2018-01-20 13:14:05,665 INFO admin {'type': '登录'}
2018-01-20 13:17:22,947 INFO admin {'type': '登录'}
2018-01-20 13:20:16,411 INFO admin {'type': '登录'}
2018-01-20 13:20:26,852 INFO admin {'type': '登录', 'school_chosen': '武汉分校区'}
2018-01-20 13:20:50,950 INFO admin {'type': '招收教师', '性别': '男', '经验': '20', '教师姓名': '黄药师', '教授课程': 'java'}
2018-01-20 13:23:05,253 INFO admin {'班级教师': 'kate', 'type': '成立班级', '班级名': '201807', '课程名': 'go'}
2018-01-20 13:26:46,499 INFO admin {'type': '登录'}
2018-01-20 13:26:54,686 INFO admin {'school_chosen': '武汉分校区', 'type': '登录'}
2018-01-20 13:29:16,312 INFO admin {'type': '登录'}
2018-01-20 13:29:21,984 INFO admin {'school_chosen': '武汉分校区', 'type': '登录'}
2018-01-20 13:30:18,008 INFO admin {'type': '登录'}
2018-01-20 13:30:31,394 INFO admin {'school_chosen': '上海分校区', 'type': '登录'}
2018-01-20 13:31:18,164 INFO admin {'经验': '19', '教师姓名': '岳不群', '教授课程': 'java', '性别': '男', 'type': '招收教师'}
2018-01-20 13:31:42,092 INFO admin {'课程时长': '5', '课程名': 'java', 'type': '课程引进'}
2018-01-20 13:33:24,982 INFO admin {'type': '登录'}
2018-01-20 13:33:36,681 INFO admin {'type': '登录', 'school_chosen': '上海分校区'}
2018-01-20 13:33:55,590 INFO admin {'教师姓名': '岳灵珊', '教授课程': 'python', '性别': '女', 'type': '招收教师', '经验': '3'}
2018-01-20 13:40:20,567 INFO admin {'教师姓名': '林平之', '教授课程': 'python', '性别': '男', 'type': '招收教师', '经验': '6'}
2018-01-20 13:41:08,869 INFO admin {'type': '登录'}
2018-01-20 13:41:14,723 INFO admin {'type': '登录', 'school_chosen': '上海分校区'}
2018-01-20 13:41:25,225 INFO admin {'type': '课程引进', '课程名': 'linux', '课程时长': '5'}
2018-01-20 13:41:46,565 INFO admin {'type': '课程引进', '课程名': 'php', '课程时长': '6'}
2018-01-20 13:42:55,039 INFO admin {'type': '成立班级', '班级教师': '林平之', '课程名': 'python', '班级名': '1801'}
2018-01-20 13:44:30,692 INFO admin {'type': '登录'}
2018-01-20 13:44:35,676 INFO admin {'school_chosen': '上海分校区', 'type': '登录'}
2018-01-20 13:45:38,353 INFO admin {'type': '登录'}
2018-01-20 13:45:52,232 INFO admin {'school_chosen': '上海分校区', 'type': '登录'}
2018-01-20 13:47:25,776 INFO admin {'type': '登录'}
2018-01-20 13:47:30,467 INFO admin {'type': '登录', 'school_chosen': '上海分校区'}
2018-01-20 13:49:55,720 INFO admin {'type': '成立班级', '班级名': '1802', '班级教师': '岳不群', '课程名': 'java'}
2018-01-20 13:50:57,261 INFO admin {'type': '登录'}
2018-01-20 13:51:01,425 INFO admin {'type': '登录', 'school_chosen': '上海分校区'}
2018-01-20 13:56:33,473 INFO admin {'type': '登录'}
2018-01-20 13:56:37,581 INFO admin {'type': '登录', 'school_chosen': '上海分校区'}
2018-01-20 13:58:01,083 INFO admin {'type': '登录'}
2018-01-20 13:58:06,464 INFO admin {'type': '登录', 'school_chosen': '上海分校区'}
2018-01-20 13:58:19,343 INFO admin {'type': '成立班级', '班级教师': '岳不群', '课程名': 'java', '班级名': '1803'}
2018-01-20 14:03:47,030 INFO admin {'type': '登录'}
2018-01-20 14:03:51,672 INFO admin {'school_chosen': '上海分校区', 'type': '登录'}
2018-01-20 14:04:52,608 INFO admin {'操作类型': '退出登录'}
2018-01-20 14:06:25,876 INFO admin {'type': '登录'}
2018-01-20 14:06:28,907 INFO admin {'school_chosen': '上海分校区', 'type': '选择校区'}
2018-01-20 14:06:35,818 INFO admin {'操作类型': '退出登录'}
2018-01-20 14:06:53,465 INFO admin {'type': '登录'}
2018-01-20 14:07:00,306 INFO admin {'school_chosen': '上海分校区', 'type': '选择校区'}
2018-01-20 14:07:07,541 INFO admin {'操作类型': '退出登录'}
2018-01-20 14:07:50,095 INFO admin {'type': '登录'}
2018-01-20 14:07:54,065 INFO admin {'type': '选择校区', 'school_chosen': '武汉分校区'}
2018-01-20 14:08:21,828 INFO admin {'操作类型': '退出登录'}
2018-01-20 14:08:49,369 INFO admin {'type': '登录'}
2018-01-20 14:08:54,264 INFO admin {'school_chosen': '武汉分校区', 'type': '选择校区'}
2018-01-20 14:11:04,307 INFO admin {'type': '登录'}
2018-01-20 14:11:13,520 INFO admin {'type': '选择校区', 'school_chosen': '上海分校区'}
2018-01-20 14:13:18,231 INFO admin {'type': '登录'}
2018-01-20 14:13:25,559 INFO admin {'type': '选择校区', 'school_chosen': '上海分校区'}
2018-01-20 14:14:14,089 INFO admin {'type': '登录'}
2018-01-20 14:14:48,017 INFO admin {'type': '选择校区', 'school_chosen': '上海分校区'}
2018-01-20 14:15:51,662 INFO admin {'type': '登录'}
2018-01-20 14:15:56,591 INFO admin {'type': '选择校区', 'school_chosen': '上海分校区'}
2018-01-20 14:32:26,615 INFO admin {'type': '登录'}
2018-01-20 14:32:55,299 INFO admin {'type': '选择校区', 'school_chosen': '上海分校区'}
2018-01-20 14:35:57,580 INFO admin {'type': '登录'}
2018-01-20 14:36:06,728 INFO admin {'school_chosen': '武汉分校区', 'type': '选择校区'}
2018-01-20 14:36:57,962 INFO admin {'操作类型': '退出登录'}
2018-01-20 14:37:16,839 INFO admin {'type': '登录'}
2018-01-20 14:37:27,070 INFO admin {'school_chosen': '上海分校区', 'type': '选择校区'}
2018-01-20 14:39:38,782 INFO admin {'type': '登录'}
2018-01-20 14:39:41,950 INFO admin {'type': '选择校区', 'school_chosen': '上海分校区'}
2018-01-20 14:40:05,916 INFO admin {'type': '登录'}
2018-01-20 14:40:09,859 INFO admin {'type': '选择校区', 'school_chosen': '上海分校区'}
2018-01-20 14:40:38,308 INFO admin {'type': '登录'}
2018-01-20 14:40:42,529 INFO admin {'type': '选择校区', 'school_chosen': '上海分校区'}
2018-01-20 14:41:59,866 INFO admin {'type': '登录'}
2018-01-20 14:42:05,842 INFO admin {'type': '选择校区', 'school_chosen': '上海分校区'}
2018-01-20 14:42:40,605 INFO admin {'type': '登录'}
2018-01-20 14:42:47,653 INFO admin {'school_chosen': '上海分校区', 'type': '选择校区'}
2018-01-20 14:45:17,134 INFO admin {'type': '登录'}
2018-01-20 14:45:23,186 INFO admin {'school_chosen': '上海分校区', 'type': '选择校区'}
2018-01-20 14:48:31,071 INFO admin {'type': '登录'}
2018-01-20 14:48:35,416 INFO admin {'school_chosen': '上海分校区', 'type': '选择校区'}
2018-01-20 14:49:22,505 INFO admin {'type': '登录'}
2018-01-20 14:49:29,365 INFO admin {'type': '选择校区', 'school_chosen': '上海分校区'}
2018-01-20 15:05:22,527 INFO admin {'type': '登录'}
2018-01-20 15:05:41,664 INFO admin {'type': '创办新校区', '城市': '广州'}
2018-01-20 15:07:35,513 INFO admin {'type': '登录'}
2018-01-20 15:07:59,313 INFO admin {'type': '创办新校区', '城市': '深圳'}
2018-01-20 15:07:59,313 INFO admin {'操作类型': '退出登录'}
2018-01-20 15:08:09,445 INFO admin {'type': '登录'}
2018-01-20 15:08:17,081 INFO admin {'school_chosen': '深圳分校区', 'type': '选择校区'}
2018-01-20 15:08:24,144 INFO admin {'课程名': 'python', 'type': '课程引进', '课程时长': '6'}
2018-01-20 15:08:28,251 INFO admin {'操作类型': '退出登录'}
2018-01-20 16:11:07,221 INFO admin {'type': '登录'}
2018-01-20 16:12:38,408 INFO admin {'type': '登录'}
2018-01-20 16:15:37,641 INFO admin {'type': '登录'}
2018-01-20 16:15:41,499 INFO admin {'school_chosen': '深圳分校区', 'type': '选择校区'}
2018-01-20 16:15:51,294 INFO admin {'课程名': 'java', '课程时长': '6', 'type': '课程引进'}
2018-01-20 16:16:15,591 INFO admin {'性别': '女', '教授课程': 'java', '经验(年)': 6, '教师姓名': '李秋水', 'type': '招收教师'}
2018-01-20 16:16:33,552 INFO admin {'班级教师': '李秋水', '课程名': 'java', '班级名': '1805', 'type': '成立班级'}
2018-01-20 16:17:57,609 INFO admin {'type': '登录'}
2018-01-20 16:18:01,348 INFO admin {'type': '选择校区', 'school_chosen': '上海分校区'}
2018-01-20 16:18:14,774 INFO admin {'城市': '长沙', 'type': '创办新校区'}
2018-01-20 16:18:14,775 INFO admin {'操作类型': '退出登录'}
2018-01-20 16:18:26,726 INFO admin {'type': '登录'}
2018-01-20 16:18:30,474 INFO admin {'type': '选择校区', 'school_chosen': '长沙分校区'}
2018-01-20 16:18:38,169 INFO admin {'课程时长': '7', 'type': '课程引进', '课程名': 'python'}
2018-01-20 16:20:36,344 INFO admin {'type': '登录'}
2018-01-20 16:20:42,399 INFO admin {'type': '选择校区', 'school_chosen': '长沙分校区'}
2018-01-20 16:23:14,298 INFO admin {'操作类型': '退出登录'}
2018-01-20 16:23:26,634 INFO admin {'type': '登录'}
2018-01-20 16:23:41,825 INFO admin {'type': '选择校区', 'school_chosen': '上海分校区'}
2018-01-20 16:24:16,373 INFO admin {'type': '登录'}
2018-01-20 16:24:20,160 INFO admin {'操作类型': '退出登录'}
2018-01-20 16:24:53,850 INFO admin {'type': '登录'}
2018-01-20 16:24:58,638 INFO admin {'操作类型': '退出登录'}
2018-01-20 16:27:39,260 INFO admin {'type': '登录'}
2018-01-20 16:28:21,142 INFO admin {'type': '登录'}
2018-01-20 16:28:40,544 INFO admin {'城市': '重庆', 'type': '创办新校区'}
2018-01-20 16:28:40,544 INFO admin {'操作类型': '退出登录'}
2018-01-20 16:28:56,265 INFO admin {'type': '登录'}
2018-01-20 16:29:01,990 INFO admin {'school_chosen': '重庆分校区', 'type': '选择校区'}
2018-01-20 16:30:30,649 INFO admin {'type': '登录'}
2018-01-20 16:30:34,066 INFO admin {'school_chosen': '重庆分校区', 'type': '选择校区'}
2018-01-20 17:03:43,336 INFO admin {'type': '登录'}
2018-01-20 17:07:15,083 INFO admin {'type': '登录'}
2018-01-20 17:07:20,685 INFO admin {'school_chosen': '武汉分校区', 'type': '选择校区'}
2018-01-20 17:19:42,296 INFO admin {'type': '登录'}
2018-01-20 17:20:02,903 INFO admin {'type': '选择校区', 'school_chosen': '武汉分校区'}
2018-01-30 15:21:16,759 INFO admin {'type': '登录'}
2018-01-30 15:22:55,818 INFO admin {'school_chosen': '重庆分校区', 'type': '选择校区'}
2018-01-30 15:27:31,794 INFO admin {'type': '登录'}
2018-01-30 15:27:42,252 INFO admin {'操作类型': '退出登录'}
2018-01-30 15:28:51,821 INFO admin {'type': '登录'}
2018-01-30 15:46:21,176 INFO admin {'type': '登录'}
2018-01-30 15:47:40,043 INFO admin {'type': '登录'}
2018-01-30 15:47:48,927 INFO admin {'城市': '武汉', 'type': '创办新校区'}
2018-01-30 15:47:48,928 INFO admin {'操作类型': '退出登录'}
2018-01-30 15:47:58,789 INFO admin {'type': '登录'}
2018-01-30 15:48:08,165 INFO admin {'城市': '武汉', 'type': '创办新校区'}
2018-01-30 15:48:08,165 INFO admin {'操作类型': '退出登录'}
2018-01-30 16:00:04,104 INFO admin {'type': '登录'}
2018-01-30 16:00:42,559 INFO admin {'type': '登录'}
2018-01-30 16:00:49,852 INFO admin {'type': '创办新校区', '城市': '武汉'}
2018-01-30 16:00:49,852 INFO admin {'操作类型': '退出登录'}
2018-01-30 16:01:15,501 INFO admin {'type': '登录'}
2018-01-30 16:01:22,351 INFO admin {'type': '选择校区', 'school_chosen': '武汉分校区'}
2018-01-30 19:52:31,081 INFO admin {'type': '登录'}
2018-01-30 19:52:34,708 INFO admin {'type': '选择校区', 'school_chosen': '武汉分校区'}
2018-01-30 19:55:20,596 INFO admin {'type': '登录'}
2018-01-30 19:55:51,101 INFO admin {'城市': '武汉', 'type': '创办新校区'}
2018-01-30 19:55:51,102 INFO admin {'操作类型': '退出登录'}
2018-01-30 20:08:14,707 INFO admin {'type': '登录'}
2018-01-30 20:08:36,606 INFO admin {'城市': '长沙', 'type': '创办新校区'}
2018-01-30 20:09:01,747 INFO admin {'type': '登录'}
2018-01-30 20:09:08,884 INFO admin {'type': '创办新校区', '城市': '武汉'}
2018-01-30 20:09:08,884 INFO admin {'操作类型': '退出登录'}
2018-01-30 20:09:18,626 INFO admin {'type': '登录'}
2018-01-30 20:09:31,872 INFO admin {'type': '创办新校区', '城市': '长沙'}
2018-01-30 20:09:31,872 INFO admin {'操作类型': '退出登录'}
2018-01-30 20:09:40,588 INFO admin {'type': '登录'}
2018-01-30 20:13:15,263 INFO admin {'type': '登录'}
2018-01-30 20:13:34,075 INFO admin {'type': '创办新校区', '城市': '重庆'}
2018-01-30 20:13:34,079 INFO admin {'操作类型': '退出登录'}
2018-01-30 20:13:43,083 INFO admin {'type': '登录'}
2018-01-30 20:13:44,387 INFO admin {'操作类型': '退出登录'}
2018-01-30 20:29:35,602 INFO admin {'type': '登录'}
2018-01-30 20:56:13,546 INFO admin {'type': '登录'}
2018-01-30 20:56:19,412 INFO admin {'school_chosen': '长沙分校区', 'type': '选择校区'}
2018-01-30 20:56:31,122 INFO admin {'操作类型': '退出登录'}
2018-01-30 20:56:55,449 INFO admin {'type': '登录'}
2018-01-30 20:57:04,719 INFO admin {'type': '创办新校区', '城市': '武汉'}
2018-01-30 21:00:13,328 INFO admin {'type': '登录'}
2018-01-30 21:01:27,511 INFO admin {'type': '登录'}
2018-01-30 21:02:37,406 INFO admin {'type': '登录'}
2018-01-30 21:03:54,247 INFO admin {'type': '选择校区', 'school_chosen': '武汉分校区'}
2018-01-30 21:10:11,071 INFO admin {'type': '登录'}
2018-01-30 21:10:22,916 INFO admin {'type': '创办新校区', '城市': '武汉'}
2018-01-30 21:12:48,664 INFO admin {'type': '登录'}
2018-01-30 21:12:57,781 INFO admin {'城市': '长沙', 'type': '创办新校区'}
2018-01-30 21:19:17,694 INFO admin {'type': '登录'}
2018-01-30 21:19:33,265 INFO admin {'城市': '重庆', 'type': '创办新校区'}
2018-01-30 21:21:02,443 INFO admin {'type': '登录'}
2018-01-30 21:21:07,800 INFO admin {'type': '创办新校区', '城市': '武汉'}
2018-01-30 21:21:29,570 INFO admin {'type': '创办新校区', '城市': '长沙'}
2018-01-30 21:21:43,851 INFO admin {'type': '创办新校区', '城市': '北京'}
2018-01-30 21:21:50,072 INFO admin {'操作类型': '退出登录'}
2018-01-30 21:49:38,532 INFO admin {'type': '登录'}
2018-01-30 21:49:54,016 INFO admin {'城市': '上海', 'type': '创办新校区'}
2018-01-30 21:59:25,256 INFO admin {'课程名': 'python', '课程时长': '6', 'type': '课程引进'}
2018-01-30 21:59:51,034 INFO admin {'课程名': 'linux', '课程时长': '5', 'type': '课程引进'}
2018-01-30 22:08:29,946 INFO admin {'type': '登录'}
2018-01-30 22:08:38,719 INFO admin {'school_chosen': '北京分校区', 'type': '选择校区'}
2018-01-30 22:11:25,664 INFO admin {'课程时长': '3', '课程名': 'go', 'type': '课程引进'}
