2018-01-19 20:10:59,265 INFO 5688b9f835b583e87c536ca285530a2e {'type': '注册'}
2018-01-19 20:16:56,142 INFO ab570b5a2d28eac86b7ca32baaacf3a7 {'school': '武汉分校区', 'class': '201804', 'course': <core.models.Student object at 0x7f7861ec87b8>, 'type': '注册', 'name': '慕容复', 'address': '江南燕子坞'}
2018-01-19 20:19:09,443 INFO 9618a8efad3415ec3c2171c9b9f82631 {'name': '天山童姥', 'address': '缥缈峰', 'type': '注册', 'course': '天山童姥', 'school': '武汉分校区', 'class': '201804'}
2018-01-19 20:26:54,390 INFO 9618a8efad3415ec3c2171c9b9f82631 {'type': '激活', '学生姓名': '天山童姥', '充值金额': '12000'}
2018-01-19 20:30:08,472 INFO 5688b9f835b583e87c536ca285530a2e {'type': '考试', 'name': '阿朱', '考试分数': 73}
2018-01-19 20:42:16,493 INFO 5688b9f835b583e87c536ca285530a2e {'充值金额': '22000', 'type': '激活', '学生姓名': '阿朱'}
2018-01-19 20:43:06,667 INFO 5688b9f835b583e87c536ca285530a2e {'考试分数': 76, '学生姓名': '阿朱', '操作类型': '考试'}
2018-01-19 22:13:13,134 INFO 7ee35dfd4187983272a750491b2c9add {'course': '段正淳', 'address': '云南大理皇宫', 'type': '注册', 'class': '201802', 'school': '武汉分校区', 'name': '段正淳'}
2018-01-19 22:14:22,436 INFO 7ee35dfd4187983272a750491b2c9add {'学生姓名': '段正淳', 'type': '激活', '充值金额': '22000'}
2018-01-20 08:36:06,273 INFO 943000fe24247beb61fd8008f8c1e1fa {'class': '201802', 'address': '华山', 'name': '令狐冲', 'school': '武汉分校区', 'type': '注册', 'course': '令狐冲'}
2018-01-20 08:43:49,239 INFO ced6ef5162ccb9a3d9fea5841c9d3c1d {'class': '201802', 'school': '武汉分校区', 'address': '华山', 'type': '注册', 'course': '令狐冲', 'name': '令狐冲'}
2018-01-20 08:45:11,142 INFO 943000fe24247beb61fd8008f8c1e1fa {'type': '激活', '学生姓名': '令狐冲', '充值金额': '100000'}
2018-01-20 08:50:43,127 INFO 943000fe24247beb61fd8008f8c1e1fa {'学生姓名': '令狐冲', '充值金额': '222000', 'type': '激活'}
2018-01-20 08:50:52,004 INFO 943000fe24247beb61fd8008f8c1e1fa {'课程': 'linux', '学生姓名': '令狐冲', '考试分数': 62, '操作类型': '考试'}
2018-01-20 08:52:26,359 INFO 943000fe24247beb61fd8008f8c1e1fa {'充值金额': '222222', '学生姓名': '令狐冲', 'type': '激活'}
2018-01-20 08:58:40,393 INFO 943000fe24247beb61fd8008f8c1e1fa {'考试分数': 81, '操作类型': '考试', '课程': 'linux', '学生姓名': '令狐冲'}
2018-01-20 08:58:47,938 INFO 943000fe24247beb61fd8008f8c1e1fa {'考试分数': 85, '操作类型': '考试', '课程': 'linux', '学生姓名': '令狐冲'}
2018-01-20 08:59:01,607 INFO 943000fe24247beb61fd8008f8c1e1fa {'考试分数': 74, '操作类型': '考试', '课程': 'linux', '学生姓名': '令狐冲'}
2018-01-20 09:04:45,102 INFO 943000fe24247beb61fd8008f8c1e1fa {'操作类型': '退出登录', '姓名': '令狐冲'}
2018-01-20 09:05:05,440 INFO 943000fe24247beb61fd8008f8c1e1fa {'操作类型': '退出登录', '姓名': '令狐冲'}
2018-01-20 09:06:48,464 INFO 3748d8f7ce777d7f64735e08215ed038 {'操作类型': '退出登录', '姓名': '段誉'}
2018-01-20 09:07:53,951 INFO 943000fe24247beb61fd8008f8c1e1fa {'操作类型': '退出登录', '姓名': '令狐冲'}
2018-01-20 15:22:26,113 INFO 1aaec7c2ad43691c6d92a9387e8cdb37 {'type': '注册', 'course': '袁世', 'school': '上海分校区', 'name': '袁世', 'address': '北京紫禁城', 'class': '1801'}
2018-01-20 15:24:04,444 INFO 1aaec7c2ad43691c6d92a9387e8cdb37 {'type': '激活', '学生姓名': '袁世', '充值金额': '13000'}
2018-01-20 15:25:30,766 INFO 19bef4ace6495627343d68ddcacfdd67 {'type': '注册', 'name': '袁世凯', 'school': '上海分校区', 'class': '1801', 'address': '北京紫禁城', 'course': '袁世凯'}
2018-01-20 15:25:41,660 INFO 19bef4ace6495627343d68ddcacfdd67 {'type': '激活', '充值金额': '12000', '学生姓名': '袁世凯'}
2018-01-20 15:32:04,604 INFO 19bef4ace6495627343d68ddcacfdd67 {'学生姓名': '袁世凯', '课程': 'python', '考试分数': 68, '操作类型': '考试'}
2018-01-20 15:32:24,043 INFO 19bef4ace6495627343d68ddcacfdd67 {'姓名': '袁世凯', '操作类型': '退出登录'}
2018-01-20 15:34:25,737 INFO be8ec21c4ef1cdbc8869b6a42770bd46 {'name': '慈禧', 'course': '慈禧', 'type': '注册', 'school': '上海分校区', 'address': '北京紫禁城', 'class': '1801'}
2018-01-20 15:34:54,011 INFO be8ec21c4ef1cdbc8869b6a42770bd46 {'学生姓名': '慈禧', '课程': 'python', '考试分数': 71, '操作类型': '考试'}
2018-01-20 15:38:10,267 INFO be8ec21c4ef1cdbc8869b6a42770bd46 {'操作类型': '退出登录', '姓名': '慈禧'}
2018-01-31 17:25:43,906 INFO 69ad5ef511dbb4878fb08b2d7468b184 {'school': '北京分校区', 'course': '郭靖', 'type': '注册', 'name': '郭靖', 'address': '湖北襄阳', 'class': 'python_0801'}
2018-01-31 18:51:39,474 INFO 7c3f60139fe0789205bf4023cb6ee0a0 {'course': '黄蓉', 'name': '黄蓉', 'address': '桃花岛', 'type': '注册', 'school': '北京分校区', 'class': 'python_0801'}
2018-01-31 19:07:40,288 INFO 7fa332a2a26dc3b2dd1b8b3f87a2d1ad {'school': '北京分校区', 'class': 'python_0801', 'name': '杨过', 'address': '湖北省襄阳', 'type': '注册', 'course': '杨过'}
2018-01-31 19:56:30,292 INFO e55a1f40de485eebe3b7d68f10aced7f {'type': '注册', 'address': '甘肃', 'class': 'python_0801', 'course': '丁春秋', 'name': '丁春秋', 'school': '北京分校区'}
2018-01-31 20:23:31,457 INFO 69ad5ef511dbb4878fb08b2d7468b184 {'type': '激活', '学生姓名': '郭靖', '充值金额': '20001'}
2018-01-31 20:23:47,641 INFO 69ad5ef511dbb4878fb08b2d7468b184 {'学生姓名': '郭靖', '考试分数': 63, '课程': 'python', '操作类型': '考试'}
2018-01-31 20:23:53,170 INFO 69ad5ef511dbb4878fb08b2d7468b184 {'操作类型': '退出登录', '姓名': '郭靖'}
2018-01-31 20:24:05,306 INFO 976c8985652ec89b7fca703296023029 {'type': '激活', '学生姓名': '杨过', '充值金额': '21000'}
2018-01-31 20:24:39,379 INFO 976c8985652ec89b7fca703296023029 {'学生姓名': '杨过', '考试分数': 81, '课程': 'python', '操作类型': '考试'}
2018-01-31 20:24:57,532 INFO 7c3f60139fe0789205bf4023cb6ee0a0 {'操作类型': '考试', '课程': 'python', '学生姓名': '黄蓉', '考试分数': 88}
2018-01-31 20:25:03,344 INFO 7c3f60139fe0789205bf4023cb6ee0a0 {'姓名': '黄蓉', '操作类型': '退出登录'}
2018-01-31 20:37:53,286 INFO e55a1f40de485eebe3b7d68f10aced7f {'type': '激活', '充值金额': '20000', '学生姓名': '丁春秋'}
2018-01-31 20:38:39,600 INFO e55a1f40de485eebe3b7d68f10aced7f {'姓名': '丁春秋', '操作类型': '退出登录'}
2018-01-31 20:39:15,495 INFO e55a1f40de485eebe3b7d68f10aced7f {'考试分数': 88, '课程': 'python', '操作类型': '考试', '学生姓名': '丁春秋'}
2018-01-31 20:39:18,896 INFO e55a1f40de485eebe3b7d68f10aced7f {'姓名': '丁春秋', '操作类型': '退出登录'}
