2018-01-19 21:28:35,698 INFO 6556c349823683da4a066a3b069337e8 {'操作类型': '登录', '姓名': 'alex'}
2018-01-19 21:30:27,696 INFO ddd11159a714822bee36803e0ffd6ae1 {'操作类型': '登录', '姓名': 'jim'}
2018-01-19 21:30:30,750 INFO ddd11159a714822bee36803e0ffd6ae1 {'操作类型': '选择上课班级', '姓名': 'jim', '班级名': '201802'}
2018-01-19 21:34:30,825 INFO ddd11159a714822bee36803e0ffd6ae1 {'姓名': 'jim', '操作类型': '登录'}
2018-01-19 21:34:36,242 INFO ddd11159a714822bee36803e0ffd6ae1 {'班级名': '201802', '姓名': 'jim', '操作类型': '选择上课班级'}
2018-01-19 21:35:01,987 INFO ddd11159a714822bee36803e0ffd6ae1 {'班级名': '201802', '修改学生姓名': '虚竹', '教师姓名': 'jim', '操作类型': '修改学生成绩'}
2018-01-19 21:44:58,743 INFO ddd11159a714822bee36803e0ffd6ae1 {'姓名': 'jim', '操作类型': '登录'}
2018-01-19 21:45:10,940 INFO ddd11159a714822bee36803e0ffd6ae1 {'姓名': 'jim', '操作类型': '选择上课班级', '班级名': '201802'}
2018-01-19 21:45:38,162 INFO ddd11159a714822bee36803e0ffd6ae1 {'修改后成绩': '98', '修改学生姓名': '虚竹', '教师姓名': 'jim', '操作类型': '修改学生成绩', '班级名': '201802'}
2018-01-19 21:45:53,301 INFO ddd11159a714822bee36803e0ffd6ae1 {'姓名': 'jim', '操作类型': '退出登录'}
2018-01-19 21:50:51,308 INFO 6556c349823683da4a066a3b069337e8 {'姓名': 'alex', '操作类型': '登录'}
2018-01-19 21:50:54,671 INFO 6556c349823683da4a066a3b069337e8 {'姓名': 'alex', '操作类型': '选择上课班级', '班级名': '201801'}
2018-01-19 21:53:00,898 INFO 6556c349823683da4a066a3b069337e8 {'操作类型': '登录', '姓名': 'alex'}
2018-01-19 21:53:04,890 INFO 6556c349823683da4a066a3b069337e8 {'操作类型': '选择上课班级', '姓名': 'alex', '班级名': '201801'}
2018-01-19 21:56:02,582 INFO ddd11159a714822bee36803e0ffd6ae1 {'姓名': 'jim', '操作类型': '登录'}
2018-01-19 21:56:09,017 INFO ddd11159a714822bee36803e0ffd6ae1 {'班级名': '201802', '姓名': 'jim', '操作类型': '选择上课班级'}
2018-01-19 22:00:07,231 INFO 6556c349823683da4a066a3b069337e8 {'操作类型': '登录', '姓名': 'alex'}
2018-01-19 22:01:41,051 INFO 6556c349823683da4a066a3b069337e8 {'操作类型': '登录', '姓名': 'alex'}
2018-01-19 22:03:50,775 INFO 6556c349823683da4a066a3b069337e8 {'姓名': 'alex', '操作类型': '登录'}
2018-01-19 22:05:47,835 INFO 6556c349823683da4a066a3b069337e8 {'操作类型': '登录', '姓名': 'alex'}
2018-01-19 22:05:54,793 INFO 6556c349823683da4a066a3b069337e8 {'操作类型': '选择上课班级', '姓名': 'alex', '班级名': '201801'}
2018-01-19 22:06:14,049 INFO 6556c349823683da4a066a3b069337e8 {'操作类型': '退出登录', '姓名': 'alex'}
2018-01-19 22:07:29,336 INFO 6556c349823683da4a066a3b069337e8 {'姓名': 'alex', '操作类型': '登录'}
2018-01-19 22:07:33,752 INFO 6556c349823683da4a066a3b069337e8 {'班级名': '201801', '姓名': 'alex', '操作类型': '选择上课班级'}
2018-01-19 22:07:36,720 INFO 6556c349823683da4a066a3b069337e8 {'姓名': 'alex', '操作类型': '退出登录'}
2018-01-19 22:09:21,673 INFO 6556c349823683da4a066a3b069337e8 {'操作类型': '登录', '姓名': 'alex'}
2018-01-19 22:09:28,589 INFO 6556c349823683da4a066a3b069337e8 {'班级名': '201801', '操作类型': '选择上课班级', '姓名': 'alex'}
2018-01-19 22:09:30,736 INFO 6556c349823683da4a066a3b069337e8 {'操作类型': '退出登录', '姓名': 'alex'}
2018-01-19 22:25:42,027 INFO 6556c349823683da4a066a3b069337e8 {'姓名': 'alex', '操作类型': '登录'}
2018-01-19 22:25:45,204 INFO 6556c349823683da4a066a3b069337e8 {'姓名': 'alex', '班级名': '201801', '操作类型': '选择上课班级'}
2018-01-20 09:50:37,196 INFO ddd11159a714822bee36803e0ffd6ae1 {'操作类型': '登录', '姓名': 'jim'}
2018-01-20 09:51:31,128 INFO ddd11159a714822bee36803e0ffd6ae1 {'姓名': 'jim', '操作类型': '登录'}
2018-01-20 09:52:04,663 INFO ddd11159a714822bee36803e0ffd6ae1 {'姓名': 'jim', '操作类型': '登录'}
2018-01-20 09:52:45,221 INFO ddd11159a714822bee36803e0ffd6ae1 {'姓名': 'jim', '操作类型': '登录'}
2018-01-20 09:52:55,692 INFO ddd11159a714822bee36803e0ffd6ae1 {'姓名': 'jim', '班级名': '201802', '操作类型': '选择上课班级'}
2018-01-20 09:56:19,255 INFO ddd11159a714822bee36803e0ffd6ae1 {'姓名': 'jim', '操作类型': '登录'}
2018-01-20 09:56:43,452 INFO ddd11159a714822bee36803e0ffd6ae1 {'班级名': '201802', '姓名': 'jim', '操作类型': '选择上课班级'}
2018-01-20 09:58:37,696 INFO ddd11159a714822bee36803e0ffd6ae1 {'操作类型': '登录', '姓名': 'jim'}
2018-01-20 09:58:41,257 INFO ddd11159a714822bee36803e0ffd6ae1 {'操作类型': '选择上课班级', '班级名': '201802', '姓名': 'jim'}
2018-01-20 10:12:07,578 INFO ddd11159a714822bee36803e0ffd6ae1 {'操作类型': '登录', '姓名': 'jim'}
2018-01-20 10:12:10,391 INFO ddd11159a714822bee36803e0ffd6ae1 {'班级名': '201802', '操作类型': '选择上课班级', '姓名': 'jim'}
2018-01-20 10:16:55,622 INFO ddd11159a714822bee36803e0ffd6ae1 {'姓名': 'jim', '操作类型': '登录'}
2018-01-20 10:18:09,317 INFO ddd11159a714822bee36803e0ffd6ae1 {'姓名': 'jim', '班级名': '201802', '操作类型': '选择上课班级'}
2018-01-20 10:20:51,654 INFO ddd11159a714822bee36803e0ffd6ae1 {'操作类型': '登录', '姓名': 'jim'}
2018-01-20 10:21:01,698 INFO ddd11159a714822bee36803e0ffd6ae1 {'操作类型': '选择上课班级', '姓名': 'jim', '班级名': '201802'}
2018-01-20 10:23:09,843 INFO ddd11159a714822bee36803e0ffd6ae1 {'姓名': 'jim', '操作类型': '登录'}
2018-01-20 10:23:15,939 INFO ddd11159a714822bee36803e0ffd6ae1 {'姓名': 'jim', '操作类型': '选择上课班级', '班级名': '201802'}
2018-01-20 10:25:27,126 INFO ddd11159a714822bee36803e0ffd6ae1 {'操作类型': '登录', '姓名': 'jim'}
2018-01-20 10:25:29,803 INFO ddd11159a714822bee36803e0ffd6ae1 {'操作类型': '选择上课班级', '姓名': 'jim', '班级名': '201802'}
2018-01-20 10:27:02,884 INFO ddd11159a714822bee36803e0ffd6ae1 {'操作类型': '登录', '姓名': 'jim'}
2018-01-20 10:27:07,960 INFO ddd11159a714822bee36803e0ffd6ae1 {'操作类型': '选择上课班级', '姓名': 'jim', '班级名': '201802'}
2018-01-20 10:28:22,506 INFO ddd11159a714822bee36803e0ffd6ae1 {'姓名': 'jim', '操作类型': '登录'}
2018-01-20 10:28:25,096 INFO ddd11159a714822bee36803e0ffd6ae1 {'班级名': '201802', '姓名': 'jim', '操作类型': '选择上课班级'}
2018-01-20 10:28:56,849 INFO ddd11159a714822bee36803e0ffd6ae1 {'班级名': '201802', '修改学生姓名': '阿朱', '教师姓名': 'jim', '修改后成绩': '988', '操作类型': '修改学生成绩'}
2018-01-20 10:35:47,441 INFO ddd11159a714822bee36803e0ffd6ae1 {'班级名': '201802', '修改学生姓名': '阿朱', '教师姓名': 'jim', '修改后成绩': '2222', '操作类型': '修改学生成绩'}
2018-01-20 10:36:41,451 INFO f39a21911ce1378060896b36f8dc8835 {'操作类型': '登录', '姓名': 'bob'}
2018-01-20 10:36:44,412 INFO f39a21911ce1378060896b36f8dc8835 {'操作类型': '选择上课班级', '班级名': '201803', '姓名': 'bob'}
2018-01-20 10:38:47,527 INFO f39a21911ce1378060896b36f8dc8835 {'姓名': 'bob', '操作类型': '登录'}
2018-01-20 10:38:50,865 INFO f39a21911ce1378060896b36f8dc8835 {'姓名': 'bob', '操作类型': '选择上课班级', '班级名': '201803'}
2018-01-20 10:39:59,022 INFO f39a21911ce1378060896b36f8dc8835 {'姓名': 'bob', '操作类型': '登录'}
2018-01-20 10:40:05,490 INFO f39a21911ce1378060896b36f8dc8835 {'姓名': 'bob', '操作类型': '选择上课班级', '班级名': '201803'}
2018-01-20 10:40:31,901 INFO f39a21911ce1378060896b36f8dc8835 {'修改学生姓名': '段誉', '修改后成绩': '88', '操作类型': '修改学生成绩', '班级名': '201803', '教师姓名': 'bob'}
2018-01-20 10:44:49,335 INFO ddd11159a714822bee36803e0ffd6ae1 {'姓名': 'jim', '操作类型': '登录'}
2018-01-20 10:44:51,941 INFO ddd11159a714822bee36803e0ffd6ae1 {'班级名': '201802', '姓名': 'jim', '操作类型': '选择上课班级'}
2018-01-20 10:46:04,280 INFO ddd11159a714822bee36803e0ffd6ae1 {'操作类型': '登录', '姓名': 'jim'}
2018-01-20 10:46:07,229 INFO ddd11159a714822bee36803e0ffd6ae1 {'班级名': '201802', '操作类型': '选择上课班级', '姓名': 'jim'}
2018-01-20 10:46:27,303 INFO ddd11159a714822bee36803e0ffd6ae1 {'操作类型': '退出登录', '姓名': 'jim'}
2018-01-20 10:46:38,382 INFO 6556c349823683da4a066a3b069337e8 {'操作类型': '登录', '姓名': 'alex'}
2018-01-20 10:46:42,519 INFO 6556c349823683da4a066a3b069337e8 {'班级名': '201801', '操作类型': '选择上课班级', '姓名': 'alex'}
2018-01-20 10:46:48,341 INFO 6556c349823683da4a066a3b069337e8 {'操作类型': '退出登录', '姓名': 'alex'}
2018-01-20 15:38:28,488 INFO 22b3345200a5fded9e7924bcfc9df908 {'操作类型': '登录', '姓名': '黄药师'}
2018-01-20 15:48:22,952 INFO 22b3345200a5fded9e7924bcfc9df908 {'操作类型': '登录', '姓名': '黄药师'}
2018-01-20 15:49:21,913 INFO 22b3345200a5fded9e7924bcfc9df908 {'操作类型': '登录', '姓名': '黄药师'}
2018-01-20 15:50:26,752 INFO 22b3345200a5fded9e7924bcfc9df908 {'姓名': '黄药师', '操作类型': '登录'}
2018-01-20 15:50:26,755 INFO 22b3345200a5fded9e7924bcfc9df908 {'姓名': '黄药师', '操作类型': '退出登录'}
2018-01-20 15:50:37,675 INFO ddd11159a714822bee36803e0ffd6ae1 {'姓名': 'jim', '操作类型': '登录'}
2018-01-20 15:51:52,814 INFO 5d6e7993fff950750c5ae38275df0ca0 {'姓名': '洪七公', '操作类型': '登录'}
2018-01-20 15:51:52,816 INFO 5d6e7993fff950750c5ae38275df0ca0 {'姓名': '洪七公', '操作类型': '退出登录'}
2018-01-20 15:52:02,247 INFO ddd11159a714822bee36803e0ffd6ae1 {'姓名': 'jim', '操作类型': '登录'}
2018-01-20 15:53:40,894 INFO ddd11159a714822bee36803e0ffd6ae1 {'操作类型': '登录', '姓名': 'jim'}
2018-01-20 15:54:47,534 INFO ddd11159a714822bee36803e0ffd6ae1 {'姓名': 'jim', '操作类型': '登录'}
2018-01-20 15:58:40,644 INFO ddd11159a714822bee36803e0ffd6ae1 {'操作类型': '登录', '姓名': 'jim'}
2018-01-20 16:05:39,850 INFO 22b3345200a5fded9e7924bcfc9df908 {'姓名': '黄药师', '操作类型': '登录'}
2018-01-20 16:05:39,851 INFO 22b3345200a5fded9e7924bcfc9df908 {'姓名': '黄药师', '操作类型': '退出登录'}
2018-01-20 16:05:51,552 INFO 22b3345200a5fded9e7924bcfc9df908 {'姓名': '黄药师', '操作类型': '登录'}
2018-01-20 16:05:51,553 INFO 22b3345200a5fded9e7924bcfc9df908 {'姓名': '黄药师', '操作类型': '退出登录'}
2018-01-20 16:06:02,848 INFO ddd11159a714822bee36803e0ffd6ae1 {'姓名': 'jim', '操作类型': '登录'}
2018-01-20 16:06:13,227 INFO ddd11159a714822bee36803e0ffd6ae1 {'姓名': 'jim', '操作类型': '选择上课班级', '班级名': '201802'}
2018-01-20 16:07:32,754 INFO ddd11159a714822bee36803e0ffd6ae1 {'修改后成绩': '100', '教师姓名': 'jim', '修改学生姓名': '乔峰', '操作类型': '修改学生成绩', '班级名': '201802'}
2018-01-20 16:07:54,081 INFO ddd11159a714822bee36803e0ffd6ae1 {'姓名': 'jim', '操作类型': '退出登录'}
2018-01-31 20:08:22,837 INFO 96a61b8b8c47b7c5dd2af45b354c1754 {'姓名': '风清扬', '操作类型': '登录'}
2018-01-31 20:08:22,838 INFO 96a61b8b8c47b7c5dd2af45b354c1754 {'姓名': '风清扬', '操作类型': '退出登录'}
2018-01-31 20:08:42,234 INFO ef5a39b88cd00f2928c2cb5598dd2190 {'姓名': '洪七公', '操作类型': '登录'}
2018-01-31 20:08:56,330 INFO ef5a39b88cd00f2928c2cb5598dd2190 {'姓名': '洪七公', '班级名': 'python_0801', '操作类型': '选择上课班级'}
2018-01-31 20:18:18,511 INFO 96a61b8b8c47b7c5dd2af45b354c1754 {'操作类型': '登录', '姓名': '风清扬'}
2018-01-31 20:18:18,512 INFO 96a61b8b8c47b7c5dd2af45b354c1754 {'操作类型': '退出登录', '姓名': '风清扬'}
2018-01-31 20:18:35,677 INFO ef5a39b88cd00f2928c2cb5598dd2190 {'操作类型': '登录', '姓名': '洪七公'}
2018-01-31 20:18:43,083 INFO ef5a39b88cd00f2928c2cb5598dd2190 {'操作类型': '选择上课班级', '班级名': 'python_0801', '姓名': '洪七公'}
2018-01-31 20:21:04,927 INFO ef5a39b88cd00f2928c2cb5598dd2190 {'操作类型': '登录', '姓名': '洪七公'}
2018-01-31 20:21:09,085 INFO ef5a39b88cd00f2928c2cb5598dd2190 {'操作类型': '选择上课班级', '班级名': 'python_0801', '姓名': '洪七公'}
2018-01-31 20:21:58,484 INFO ef5a39b88cd00f2928c2cb5598dd2190 {'操作类型': '退出登录', '姓名': '洪七公'}
2018-01-31 20:22:11,647 INFO ef5a39b88cd00f2928c2cb5598dd2190 {'操作类型': '登录', '姓名': '洪七公'}
2018-01-31 20:22:15,814 INFO ef5a39b88cd00f2928c2cb5598dd2190 {'操作类型': '选择上课班级', '班级名': 'python_0801', '姓名': '洪七公'}
2018-01-31 20:22:26,585 INFO ef5a39b88cd00f2928c2cb5598dd2190 {'操作类型': '退出登录', '姓名': '洪七公'}
2018-01-31 20:25:17,553 INFO ef5a39b88cd00f2928c2cb5598dd2190 {'姓名': '洪七公', '操作类型': '登录'}
2018-01-31 20:25:24,122 INFO ef5a39b88cd00f2928c2cb5598dd2190 {'姓名': '洪七公', '操作类型': '选择上课班级', '班级名': 'python_0801'}
2018-01-31 20:29:00,485 INFO ef5a39b88cd00f2928c2cb5598dd2190 {'操作类型': '登录', '姓名': '洪七公'}
2018-01-31 20:31:09,945 INFO ef5a39b88cd00f2928c2cb5598dd2190 {'姓名': '洪七公', '操作类型': '登录'}
2018-01-31 20:31:12,971 INFO ef5a39b88cd00f2928c2cb5598dd2190 {'班级名': 'python_0801', '姓名': '洪七公', '操作类型': '选择上课班级'}
2018-01-31 20:31:42,253 INFO ef5a39b88cd00f2928c2cb5598dd2190 {'姓名': '洪七公', '操作类型': '登录'}
2018-01-31 20:31:44,564 INFO ef5a39b88cd00f2928c2cb5598dd2190 {'班级名': 'python_0801', '姓名': '洪七公', '操作类型': '选择上课班级'}
2018-01-31 20:32:18,254 INFO ef5a39b88cd00f2928c2cb5598dd2190 {'操作类型': '登录', '姓名': '洪七公'}
2018-01-31 20:32:21,260 INFO ef5a39b88cd00f2928c2cb5598dd2190 {'班级名': 'python_0801', '操作类型': '选择上课班级', '姓名': '洪七公'}
2018-01-31 20:32:50,660 INFO ef5a39b88cd00f2928c2cb5598dd2190 {'姓名': '洪七公', '操作类型': '登录'}
2018-01-31 20:32:52,962 INFO ef5a39b88cd00f2928c2cb5598dd2190 {'姓名': '洪七公', '班级名': 'python_0801', '操作类型': '选择上课班级'}
2018-01-31 20:32:57,574 INFO ef5a39b88cd00f2928c2cb5598dd2190 {'修改后成绩': '90', '教师姓名': '洪七公', '班级名': 'python_0801', '操作类型': '修改学生成绩', '修改学生姓名': '郭靖'}
2018-01-31 20:33:14,358 INFO ef5a39b88cd00f2928c2cb5598dd2190 {'修改后成绩': '92', '教师姓名': '洪七公', '班级名': 'python_0801', '操作类型': '修改学生成绩', '修改学生姓名': '杨过'}
2018-01-31 20:33:22,793 INFO ef5a39b88cd00f2928c2cb5598dd2190 {'姓名': '洪七公', '操作类型': '退出登录'}
